INFO:root:User: Michael
INFO:root:Teams selected: Home=BOS, Away=TB
INFO:root:eventTicker: KXMLBGAME-25JUN11TBBOS
INFO:root:Configured Kalshi for event: KXMLBGAME-25JUN11TBBOS
ERROR:root:Error fetching or sending market data: 
ERROR:root:Error fetching or sending market data: Cannot call "send" once a close message has been sent.
INFO:root:User: Michael
ERROR:root:Error fetching or sending market data: Cannot call "send" once a close message has been sent.
ERROR:root:Error fetching or sending market data: Cannot call "send" once a close message has been sent.
ERROR:root:Error fetching or sending market data: Cannot call "send" once a close message has been sent.
ERROR:root:Error fetching or sending market data: Cannot call "send" once a close message has been sent.
ERROR:root:Error fetching or sending market data: Cannot call "send" once a close message has been sent.
ERROR:root:Error fetching or sending market data: Cannot call "send" once a close message has been sent.
ERROR:root:Error fetching or sending market data: Cannot call "send" once a close message has been sent.
ERROR:root:Error fetching or sending market data: Cannot call "send" once a close message has been sent.
ERROR:root:Error fetching or sending market data: Cannot call "send" once a close message has been sent.
ERROR:root:Error fetching or sending market data: Cannot call "send" once a close message has been sent.
ERROR:root:Error fetching or sending market data: Cannot call "send" once a close message has been sent.
ERROR:root:Error fetching or sending market data: Cannot call "send" once a close message has been sent.
ERROR:root:Error fetching or sending market data: Cannot call "send" once a close message has been sent.
ERROR:root:Error fetching or sending market data: Cannot call "send" once a close message has been sent.
ERROR:root:Error fetching or sending market data: Cannot call "send" once a close message has been sent.
ERROR:root:Error fetching or sending market data: Cannot call "send" once a close message has been sent.
ERROR:root:Error fetching or sending market data: Cannot call "send" once a close message has been sent.
ERROR:root:Error fetching or sending market data: Cannot call "send" once a close message has been sent.
ERROR:root:Error fetching or sending market data: Cannot call "send" once a close message has been sent.
ERROR:root:Error fetching or sending market data: Cannot call "send" once a close message has been sent.
ERROR:root:Error fetching or sending market data: Cannot call "send" once a close message has been sent.
ERROR:root:Error fetching or sending market data: Cannot call "send" once a close message has been sent.
ERROR:root:Error fetching or sending market data: Cannot call "send" once a close message has been sent.
ERROR:root:Error fetching or sending market data: Cannot call "send" once a close message has been sent.
ERROR:root:Error fetching or sending market data: Cannot call "send" once a close message has been sent.
ERROR:root:Error fetching or sending market data: Cannot call "send" once a close message has been sent.
ERROR:root:Error fetching or sending market data: Cannot call "send" once a close message has been sent.
ERROR:root:Error fetching or sending market data: Cannot call "send" once a close message has been sent.
ERROR:root:Error fetching or sending market data: Cannot call "send" once a close message has been sent.
ERROR:root:Error fetching or sending market data: Cannot call "send" once a close message has been sent.
ERROR:root:Error fetching or sending market data: Cannot call "send" once a close message has been sent.
ERROR:root:Error fetching or sending market data: Cannot call "send" once a close message has been sent.
ERROR:root:Error fetching or sending market data: Cannot call "send" once a close message has been sent.
ERROR:root:Error fetching or sending market data: Cannot call "send" once a close message has been sent.
ERROR:root:Error fetching or sending market data: Cannot call "send" once a close message has been sent.
ERROR:root:Error fetching or sending market data: Cannot call "send" once a close message has been sent.
ERROR:root:Error fetching or sending market data: Cannot call "send" once a close message has been sent.
ERROR:root:Error fetching or sending market data: Cannot call "send" once a close message has been sent.
ERROR:root:Error fetching or sending market data: Cannot call "send" once a close message has been sent.
ERROR:root:Error fetching or sending market data: Cannot call "send" once a close message has been sent.
ERROR:root:Error fetching or sending market data: Cannot call "send" once a close message has been sent.
ERROR:root:Error fetching or sending market data: Cannot call "send" once a close message has been sent.
ERROR:root:Error fetching or sending market data: Cannot call "send" once a close message has been sent.
ERROR:root:Error fetching or sending market data: Cannot call "send" once a close message has been sent.
ERROR:root:Error fetching or sending market data: Cannot call "send" once a close message has been sent.
ERROR:root:Error fetching or sending market data: Cannot call "send" once a close message has been sent.
ERROR:root:Error fetching or sending market data: Cannot call "send" once a close message has been sent.
ERROR:root:Error fetching or sending market data: Cannot call "send" once a close message has been sent.
ERROR:root:Error fetching or sending market data: Cannot call "send" once a close message has been sent.
ERROR:root:Error fetching or sending market data: Cannot call "send" once a close message has been sent.
ERROR:root:Error fetching or sending market data: Cannot call "send" once a close message has been sent.
ERROR:root:Error fetching or sending market data: Cannot call "send" once a close message has been sent.
ERROR:root:Error fetching or sending market data: Cannot call "send" once a close message has been sent.
ERROR:root:Error fetching or sending market data: Cannot call "send" once a close message has been sent.
ERROR:root:Error fetching or sending market data: Cannot call "send" once a close message has been sent.
ERROR:root:Error fetching or sending market data: 
ERROR:root:Error fetching or sending market data: Cannot call "send" once a close message has been sent.
ERROR:root:Error fetching or sending market data: Cannot call "send" once a close message has been sent.
ERROR:root:Error fetching or sending market data: Cannot call "send" once a close message has been sent.
INFO:root:User: Michael
INFO:root:Teams selected: Home=BOS, Away=TB
INFO:root:eventTicker: KXMLBGAME-25JUN11TBBOS
ERROR:root:Error fetching or sending market data: 
ERROR:root:Error fetching or sending market data: Cannot call "send" once a close message has been sent.
ERROR:root:Error fetching or sending market data: Cannot call "send" once a close message has been sent.
ERROR:root:Error fetching or sending market data: Cannot call "send" once a close message has been sent.
ERROR:root:Error fetching or sending market data: Cannot call "send" once a close message has been sent.
ERROR:root:Error fetching or sending market data: Cannot call "send" once a close message has been sent.
ERROR:root:Error fetching or sending market data: Cannot call "send" once a close message has been sent.
ERROR:root:Error fetching or sending market data: Cannot call "send" once a close message has been sent.
ERROR:root:Error fetching or sending market data: Cannot call "send" once a close message has been sent.
ERROR:root:Error fetching or sending market data: Cannot call "send" once a close message has been sent.
ERROR:root:Error fetching or sending market data: Cannot call "send" once a close message has been sent.
ERROR:root:Error fetching or sending market data: Cannot call "send" once a close message has been sent.
ERROR:root:Error fetching or sending market data: Cannot call "send" once a close message has been sent.
ERROR:root:Error fetching or sending market data: Cannot call "send" once a close message has been sent.
ERROR:root:Error fetching or sending market data: Cannot call "send" once a close message has been sent.
ERROR:root:Error fetching or sending market data: Cannot call "send" once a close message has been sent.
ERROR:root:Error fetching or sending market data: Cannot call "send" once a close message has been sent.
ERROR:root:Error fetching or sending market data: Cannot call "send" once a close message has been sent.
ERROR:root:Error fetching or sending market data: Cannot call "send" once a close message has been sent.
INFO:root:User: Michael
INFO:root:Teams selected: Home=BOS, Away=TB
INFO:root:eventTicker: KXMLBGAME-25JUN11TBBOS
ERROR:root:Error fetching or sending market data: 
ERROR:root:Error fetching or sending market data: Cannot call "send" once a close message has been sent.
ERROR:root:Error fetching or sending market data: Cannot call "send" once a close message has been sent.
ERROR:root:Error fetching or sending market data: Cannot call "send" once a close message has been sent.
ERROR:root:Error fetching or sending market data: Cannot call "send" once a close message has been sent.
ERROR:root:Error fetching or sending market data: Cannot call "send" once a close message has been sent.
ERROR:root:Error fetching or sending market data: Cannot call "send" once a close message has been sent.
ERROR:root:Error fetching or sending market data: Cannot call "send" once a close message has been sent.
ERROR:root:Error fetching or sending market data: Cannot call "send" once a close message has been sent.
ERROR:root:Error fetching or sending market data: Cannot call "send" once a close message has been sent.
ERROR:root:Error fetching or sending market data: Cannot call "send" once a close message has been sent.
ERROR:root:Error fetching or sending market data: Cannot call "send" once a close message has been sent.
ERROR:root:Error fetching or sending market data: Cannot call "send" once a close message has been sent.
ERROR:root:Error fetching or sending market data: Cannot call "send" once a close message has been sent.
ERROR:root:Error fetching or sending market data: Cannot call "send" once a close message has been sent.
ERROR:root:Error fetching or sending market data: Cannot call "send" once a close message has been sent.
ERROR:root:Error fetching or sending market data: Cannot call "send" once a close message has been sent.
ERROR:root:Error fetching or sending market data: Cannot call "send" once a close message has been sent.
ERROR:root:Error fetching or sending market data: Cannot call "send" once a close message has been sent.
ERROR:root:Error fetching or sending market data: Cannot call "send" once a close message has been sent.
ERROR:root:Error fetching or sending market data: Cannot call "send" once a close message has been sent.
ERROR:root:Error fetching or sending market data: Cannot call "send" once a close message has been sent.
ERROR:root:Error fetching or sending market data: Cannot call "send" once a close message has been sent.
ERROR:root:Error fetching or sending market data: Cannot call "send" once a close message has been sent.
ERROR:root:Error fetching or sending market data: Cannot call "send" once a close message has been sent.
ERROR:root:Error fetching or sending market data: Cannot call "send" once a close message has been sent.
ERROR:root:Error fetching or sending market data: Cannot call "send" once a close message has been sent.
ERROR:root:Error fetching or sending market data: Cannot call "send" once a close message has been sent.
ERROR:root:Error fetching or sending market data: Cannot call "send" once a close message has been sent.
ERROR:root:Error fetching or sending market data: Cannot call "send" once a close message has been sent.
ERROR:root:Error fetching or sending market data: Cannot call "send" once a close message has been sent.
ERROR:root:Error fetching or sending market data: Cannot call "send" once a close message has been sent.
ERROR:root:Error fetching or sending market data: Cannot call "send" once a close message has been sent.
ERROR:root:Error fetching or sending market data: Cannot call "send" once a close message has been sent.
ERROR:root:Error fetching or sending market data: Cannot call "send" once a close message has been sent.
ERROR:root:Error fetching or sending market data: Cannot call "send" once a close message has been sent.
ERROR:root:Error fetching or sending market data: Cannot call "send" once a close message has been sent.
ERROR:root:Error fetching or sending market data: Cannot call "send" once a close message has been sent.
ERROR:root:Error fetching or sending market data: Cannot call "send" once a close message has been sent.
ERROR:root:Error fetching or sending market data: Cannot call "send" once a close message has been sent.
ERROR:root:Error fetching or sending market data: Cannot call "send" once a close message has been sent.
ERROR:root:Error fetching or sending market data: Cannot call "send" once a close message has been sent.
ERROR:root:Error fetching or sending market data: Cannot call "send" once a close message has been sent.
ERROR:root:Error fetching or sending market data: Cannot call "send" once a close message has been sent.
ERROR:root:Error fetching or sending market data: Cannot call "send" once a close message has been sent.
ERROR:root:Error fetching or sending market data: Cannot call "send" once a close message has been sent.
ERROR:root:Error fetching or sending market data: Cannot call "send" once a close message has been sent.
ERROR:root:Error fetching or sending market data: Cannot call "send" once a close message has been sent.
ERROR:root:Error fetching or sending market data: Cannot call "send" once a close message has been sent.
ERROR:root:Error fetching or sending market data: Cannot call "send" once a close message has been sent.
ERROR:root:Error fetching or sending market data: Cannot call "send" once a close message has been sent.
ERROR:root:Error fetching or sending market data: Cannot call "send" once a close message has been sent.
ERROR:root:Error fetching or sending market data: Cannot call "send" once a close message has been sent.
ERROR:root:Error fetching or sending market data: Cannot call "send" once a close message has been sent.
ERROR:root:Error fetching or sending market data: Cannot call "send" once a close message has been sent.
ERROR:root:Error fetching or sending market data: Cannot call "send" once a close message has been sent.
ERROR:root:Error fetching or sending market data: Cannot call "send" once a close message has been sent.
ERROR:root:Error fetching or sending market data: Cannot call "send" once a close message has been sent.
ERROR:root:Error fetching or sending market data: Cannot call "send" once a close message has been sent.
ERROR:root:Error fetching or sending market data: Cannot call "send" once a close message has been sent.
ERROR:root:Error fetching or sending market data: Cannot call "send" once a close message has been sent.
ERROR:root:Error fetching or sending market data: Cannot call "send" once a close message has been sent.
ERROR:root:Error fetching or sending market data: Cannot call "send" once a close message has been sent.
INFO:root:User: Michael
ERROR:root:Error fetching or sending market data: Cannot call "send" once a close message has been sent.
ERROR:root:Error fetching or sending market data: Cannot call "send" once a close message has been sent.
INFO:root:Teams selected: Home=BOS, Away=TB
INFO:root:eventTicker: KXMLBGAME-25JUN11TBBOS
ERROR:root:Error fetching or sending market data: Cannot call "send" once a close message has been sent.
ERROR:root:Error fetching or sending market data: Cannot call "send" once a close message has been sent.
ERROR:root:Error fetching or sending market data: Cannot call "send" once a close message has been sent.
ERROR:root:Error fetching or sending market data: Cannot call "send" once a close message has been sent.
ERROR:root:Error fetching or sending market data: Cannot call "send" once a close message has been sent.
ERROR:root:Error fetching or sending market data: Cannot call "send" once a close message has been sent.
ERROR:root:Error fetching or sending market data: Cannot call "send" once a close message has been sent.
ERROR:root:Error fetching or sending market data: Cannot call "send" once a close message has been sent.
ERROR:root:Error fetching or sending market data: 
ERROR:root:Error fetching or sending market data: 
INFO:root:User: Michael
INFO:root:Teams selected: Home=BOS, Away=TB
INFO:root:eventTicker: KXMLBGAME-25JUN11TBBOS
ERROR:root:Error fetching or sending market data: 
ERROR:root:Error fetching or sending market data: Cannot call "send" once a close message has been sent.
ERROR:root:Error fetching or sending market data: Cannot call "send" once a close message has been sent.
ERROR:root:Error fetching or sending market data: Cannot call "send" once a close message has been sent.
ERROR:root:Error fetching or sending market data: Cannot call "send" once a close message has been sent.
ERROR:root:Error fetching or sending market data: Cannot call "send" once a close message has been sent.
ERROR:root:Error fetching or sending market data: Cannot call "send" once a close message has been sent.
ERROR:root:Error fetching or sending market data: Cannot call "send" once a close message has been sent.
ERROR:root:Error fetching or sending market data: Cannot call "send" once a close message has been sent.
ERROR:root:Error fetching or sending market data: Cannot call "send" once a close message has been sent.
ERROR:root:Error fetching or sending market data: Cannot call "send" once a close message has been sent.
ERROR:root:Error fetching or sending market data: Cannot call "send" once a close message has been sent.
ERROR:root:Error fetching or sending market data: Cannot call "send" once a close message has been sent.
ERROR:root:Error fetching or sending market data: Cannot call "send" once a close message has been sent.
ERROR:root:Error fetching or sending market data: Cannot call "send" once a close message has been sent.
ERROR:root:Error fetching or sending market data: Cannot call "send" once a close message has been sent.
ERROR:root:Error fetching or sending market data: Cannot call "send" once a close message has been sent.
ERROR:root:Error fetching or sending market data: Cannot call "send" once a close message has been sent.
ERROR:root:Error fetching or sending market data: Cannot call "send" once a close message has been sent.
ERROR:root:Error fetching or sending market data: Cannot call "send" once a close message has been sent.
ERROR:root:Error fetching or sending market data: Cannot call "send" once a close message has been sent.
ERROR:root:Error fetching or sending market data: Cannot call "send" once a close message has been sent.
ERROR:root:Error fetching or sending market data: Cannot call "send" once a close message has been sent.
ERROR:root:Error fetching or sending market data: Cannot call "send" once a close message has been sent.
ERROR:root:Error fetching or sending market data: Cannot call "send" once a close message has been sent.
ERROR:root:Error fetching or sending market data: Cannot call "send" once a close message has been sent.
ERROR:root:Error fetching or sending market data: Cannot call "send" once a close message has been sent.
ERROR:root:Error fetching or sending market data: Cannot call "send" once a close message has been sent.
ERROR:root:Error fetching or sending market data: Cannot call "send" once a close message has been sent.
ERROR:root:Error fetching or sending market data: Cannot call "send" once a close message has been sent.
ERROR:root:Error fetching or sending market data: Cannot call "send" once a close message has been sent.
ERROR:root:Error fetching or sending market data: Cannot call "send" once a close message has been sent.
ERROR:root:Error fetching or sending market data: Cannot call "send" once a close message has been sent.
ERROR:root:Error fetching or sending market data: Cannot call "send" once a close message has been sent.
ERROR:root:Error fetching or sending market data: Cannot call "send" once a close message has been sent.
ERROR:root:Error fetching or sending market data: Cannot call "send" once a close message has been sent.
ERROR:root:Error fetching or sending market data: Cannot call "send" once a close message has been sent.
ERROR:root:Error fetching or sending market data: Cannot call "send" once a close message has been sent.
ERROR:root:Error fetching or sending market data: Cannot call "send" once a close message has been sent.
ERROR:root:Error fetching or sending market data: Cannot call "send" once a close message has been sent.
ERROR:root:Error fetching or sending market data: Cannot call "send" once a close message has been sent.
ERROR:root:Error fetching or sending market data: Cannot call "send" once a close message has been sent.
ERROR:root:Error fetching or sending market data: Cannot call "send" once a close message has been sent.
ERROR:root:Error fetching or sending market data: Cannot call "send" once a close message has been sent.
ERROR:root:Error fetching or sending market data: Cannot call "send" once a close message has been sent.
ERROR:root:Error fetching or sending market data: Cannot call "send" once a close message has been sent.
ERROR:root:Error fetching or sending market data: Cannot call "send" once a close message has been sent.
ERROR:root:Error fetching or sending market data: Cannot call "send" once a close message has been sent.
ERROR:root:Error fetching or sending market data: Cannot call "send" once a close message has been sent.
ERROR:root:Error fetching or sending market data: Cannot call "send" once a close message has been sent.
ERROR:root:Error fetching or sending market data: Cannot call "send" once a close message has been sent.
ERROR:root:Error fetching or sending market data: Cannot call "send" once a close message has been sent.
ERROR:root:Error fetching or sending market data: Cannot call "send" once a close message has been sent.
ERROR:root:Error fetching or sending market data: Cannot call "send" once a close message has been sent.
INFO:root:User: Michael
INFO:root:Teams selected: Home=BOS, Away=TB
INFO:root:eventTicker: KXMLBGAME-25JUN11TBBOS
ERROR:root:Error fetching or sending market data: 
ERROR:root:Error fetching or sending market data: Cannot call "send" once a close message has been sent.
INFO:root:User: Michael
INFO:root:Teams selected: Home=BOS, Away=TB
INFO:root:eventTicker: KXMLBGAME-25JUN11TBBOS
INFO:root:User: Michael
INFO:root:Teams selected: Home=BOS, Away=TB
INFO:root:eventTicker: KXMLBGAME-25JUN11TBBOS
INFO:root:User: Michael
INFO:root:Teams selected: Home=BOS, Away=TB
INFO:root:eventTicker: KXMLBGAME-25JUN11TBBOS
